# JRE version: OpenJDK Runtime Environment (17.0.11) (build 17.0.11+0--11852314)
# Java VM: OpenJDK 64-Bit Server VM (17.0.11+0--11852314, mixed mode, tiered, compressed oops, compressed class ptrs, g1 gc, windows-amd64)
GC Precious Log:
 CPUs: 8 total, 8 available
 Memory: 7985M
 Large Page Support: Disabled
 NUMA Support: Disabled
 Compressed Oops: Enabled (32-bit)
 Heap Region Size: 1M
 Heap Min Capacity: 8M
 Heap Initial Capacity: 126M
 Heap Max Capacity: 2G
 Pre-touch: Disabled
 Parallel Workers: 8
 Concurrent Workers: 2
 Concurrent Refinement Workers: 8
 Periodic GC: Disabled
Heap:
 garbage-first heap   total 314368K, used 180140K [0x0000000080000000, 0x0000000100000000)
  region size 1024K, 5 young (5120K), 5 survivors (5120K)
 Metaspace       used 122160K, committed 123136K, reserved 1179648K
  class space    used 16630K, committed 17088K, reserved 1048576K
GC Heap History (20 events):
Event: 1402.138 GC heap after
{Heap after GC invocations=91 (full 0):
 garbage-first heap   total 233472K, used 155615K [0x0000000080000000, 0x0000000100000000)
  region size 1024K, 1 young (1024K), 1 survivors (1024K)
 Metaspace       used 116631K, committed 117568K, reserved 1179648K
  class space    used 15928K, committed 16384K, reserved 1048576K
}
Event: 1402.737 GC heap before
{Heap before GC invocations=91 (full 0):
 garbage-first heap   total 233472K, used 190431K [0x0000000080000000, 0x0000000100000000)
  region size 1024K, 37 young (37888K), 1 survivors (1024K)
 Metaspace       used 117927K, committed 118848K, reserved 1179648K
  class space    used 16063K, committed 16512K, reserved 1048576K
}
Event: 1402.741 GC heap after
{Heap after GC invocations=92 (full 0):
 garbage-first heap   total 233472K, used 160505K [0x0000000080000000, 0x0000000100000000)
  region size 1024K, 5 young (5120K), 5 survivors (5120K)
 Metaspace       used 117927K, committed 118848K, reserved 1179648K
  class space    used 16063K, committed 16512K, reserved 1048576K
}
Event: 1403.198 GC heap before
{Heap before GC invocations=93 (full 0):
 garbage-first heap   total 285696K, used 207609K [0x0000000080000000, 0x0000000100000000)
  region size 1024K, 37 young (37888K), 5 survivors (5120K)
 Metaspace       used 120376K, committed 121408K, reserved 1179648K
  class space    used 16406K, committed 16896K, reserved 1048576K
}
Event: 1403.204 GC heap after
{Heap after GC invocations=94 (full 0):
 garbage-first heap   total 285696K, used 181114K [0x0000000080000000, 0x0000000100000000)
  region size 1024K, 5 young (5120K), 5 survivors (5120K)
 Metaspace       used 120376K, committed 121408K, reserved 1179648K
  class space    used 16406K, committed 16896K, reserved 1048576K
}
Event: 1403.302 GC heap before
{Heap before GC invocations=94 (full 0):
 garbage-first heap   total 285696K, used 188282K [0x0000000080000000, 0x0000000100000000)
  region size 1024K, 13 young (13312K), 5 survivors (5120K)
 Metaspace       used 121543K, committed 122560K, reserved 1179648K
  class space    used 16537K, committed 17024K, reserved 1048576K
}
Event: 1403.310 GC heap after
{Heap after GC invocations=95 (full 0):
 garbage-first heap   total 285696K, used 172398K [0x0000000080000000, 0x0000000100000000)
  region size 1024K, 1 young (1024K), 1 survivors (1024K)
 Metaspace       used 121543K, committed 122560K, reserved 1179648K
  class space    used 16537K, committed 17024K, reserved 1048576K
}
Event: 1403.848 GC heap before
{Heap before GC invocations=95 (full 0):
 garbage-first heap   total 285696K, used 221550K [0x0000000080000000, 0x0000000100000000)
  region size 1024K, 49 young (50176K), 1 survivors (1024K)
 Metaspace       used 122158K, committed 123136K, reserved 1179648K
  class space    used 16630K, committed 17088K, reserved 1048576K
}
Event: 1403.852 GC heap after
{Heap after GC invocations=96 (full 0):
 garbage-first heap   total 285696K, used 175966K [0x0000000080000000, 0x0000000100000000)
  region size 1024K, 5 young (5120K), 5 survivors (5120K)
 Metaspace       used 122158K, committed 123136K, reserved 1179648K
  class space    used 16630K, committed 17088K, reserved 1048576K
}
Event: 1404.439 GC heap before
{Heap before GC invocations=97 (full 0):
 garbage-first heap   total 304128K, used 224094K [0x0000000080000000, 0x0000000100000000)
  region size 1024K, 52 young (53248K), 5 survivors (5120K)
 Metaspace       used 122158K, committed 123136K, reserved 1179648K
  class space    used 16630K, committed 17088K, reserved 1048576K
}
Event: 1404.445 GC heap after
{Heap after GC invocations=98 (full 0):
 garbage-first heap   total 304128K, used 177529K [0x0000000080000000, 0x0000000100000000)
  region size 1024K, 4 young (4096K), 4 survivors (4096K)
 Metaspace       used 122158K, committed 123136K, reserved 1179648K
  class space    used 16630K, committed 17088K, reserved 1048576K
}
Event: 1404.711 GC heap before
{Heap before GC invocations=98 (full 0):
 garbage-first heap   total 304128K, used 187769K [0x0000000080000000, 0x0000000100000000)
  region size 1024K, 14 young (14336K), 4 survivors (4096K)
 Metaspace       used 122158K, committed 123136K, reserved 1179648K
  class space    used 16630K, committed 17088K, reserved 1048576K
}
Event: 1404.737 GC heap after
{Heap after GC invocations=99 (full 0):
 garbage-first heap   total 304128K, used 174744K [0x0000000080000000, 0x0000000100000000)
  region size 1024K, 2 young (2048K), 2 survivors (2048K)
 Metaspace       used 122158K, committed 123136K, reserved 1179648K
  class space    used 16630K, committed 17088K, reserved 1048576K
}
Event: 1405.689 GC heap before
{Heap before GC invocations=99 (full 0):
 garbage-first heap   total 304128K, used 236184K [0x0000000080000000, 0x0000000100000000)
  region size 1024K, 62 young (63488K), 2 survivors (2048K)
 Metaspace       used 122158K, committed 123136K, reserved 1179648K
  class space    used 16630K, committed 17088K, reserved 1048576K
}
Event: 1405.692 GC heap after
{Heap after GC invocations=100 (full 0):
 garbage-first heap   total 304128K, used 177312K [0x0000000080000000, 0x0000000100000000)
  region size 1024K, 5 young (5120K), 5 survivors (5120K)
 Metaspace       used 122158K, committed 123136K, reserved 1179648K
  class space    used 16630K, committed 17088K, reserved 1048576K
}
Event: 1406.866 GC heap before
{Heap before GC invocations=101 (full 0):
 garbage-first heap   total 314368K, used 239776K [0x0000000080000000, 0x0000000100000000)
  region size 1024K, 66 young (67584K), 5 survivors (5120K)
 Metaspace       used 122158K, committed 123136K, reserved 1179648K
  class space    used 16630K, committed 17088K, reserved 1048576K
}
Event: 1406.872 GC heap after
{Heap after GC invocations=102 (full 0):
 garbage-first heap   total 314368K, used 179294K [0x0000000080000000, 0x0000000100000000)
  region size 1024K, 7 young (7168K), 7 survivors (7168K)
 Metaspace       used 122158K, committed 123136K, reserved 1179648K
  class space    used 16630K, committed 17088K, reserved 1048576K
}
Event: 1406.996 GC heap before
{Heap before GC invocations=102 (full 0):
 garbage-first heap   total 314368K, used 187486K [0x0000000080000000, 0x0000000100000000)
  region size 1024K, 15 young (15360K), 7 survivors (7168K)
 Metaspace       used 122160K, committed 123136K, reserved 1179648K
  class space    used 16630K, committed 17088K, reserved 1048576K
}
Event: 1407.009 GC heap after
{Heap after GC invocations=103 (full 0):
 garbage-first heap   total 314368K, used 177191K [0x0000000080000000, 0x0000000100000000)
  region size 1024K, 2 young (2048K), 2 survivors (2048K)
 Metaspace       used 122160K, committed 123136K, reserved 1179648K
  class space    used 16630K, committed 17088K, reserved 1048576K
}
Event: 1407.937 GC heap before
{Heap before GC invocations=103 (full 0):
 garbage-first heap   total 314368K, used 247847K [0x0000000080000000, 0x0000000100000000)
  region size 1024K, 71 young (72704K), 2 survivors (2048K)
 Metaspace       used 122160K, committed 123136K, reserved 1179648K
  class space    used 16630K, committed 17088K, reserved 1048576K
}

