# JRE version: OpenJDK Runtime Environment (17.0.11) (build 17.0.11+0--11852314)
# Java VM: OpenJDK 64-Bit Server VM (17.0.11+0--11852314, mixed mode, tiered, compressed oops, compressed class ptrs, g1 gc, windows-amd64)
GC Precious Log:
 CPUs: 8 total, 8 available
 Memory: 7985M
 Large Page Support: Disabled
 NUMA Support: Disabled
 Compressed Oops: Enabled (32-bit)
 Heap Region Size: 1M
 Heap Min Capacity: 8M
 Heap Initial Capacity: 126M
 Heap Max Capacity: 2G
 Pre-touch: Disabled
 Parallel Workers: 8
 Concurrent Workers: 2
 Concurrent Refinement Workers: 8
 Periodic GC: Disabled
Heap:
 garbage-first heap   total 203776K, used 120468K [0x0000000080000000, 0x0000000100000000)
  region size 1024K, 15 young (15360K), 2 survivors (2048K)
 Metaspace       used 109135K, committed 109952K, reserved 1179648K
  class space    used 15085K, committed 15488K, reserved 1048576K
GC Heap History (20 events):
Event: 18.481 GC heap before
{Heap before GC invocations=31 (full 0):
 garbage-first heap   total 117760K, used 70305K [0x0000000080000000, 0x0000000100000000)
  region size 1024K, 5 young (5120K), 1 survivors (1024K)
 Metaspace       used 65486K, committed 66048K, reserved 1114112K
  class space    used 8872K, committed 9088K, reserved 1048576K
}
Event: 18.483 GC heap after
{Heap after GC invocations=32 (full 0):
 garbage-first heap   total 203776K, used 67382K [0x0000000080000000, 0x0000000100000000)
  region size 1024K, 1 young (1024K), 1 survivors (1024K)
 Metaspace       used 65486K, committed 66048K, reserved 1114112K
  class space    used 8872K, committed 9088K, reserved 1048576K
}
Event: 20.085 GC heap before
{Heap before GC invocations=32 (full 0):
 garbage-first heap   total 203776K, used 170806K [0x0000000080000000, 0x0000000100000000)
  region size 1024K, 97 young (99328K), 1 survivors (1024K)
 Metaspace       used 73449K, committed 73984K, reserved 1114112K
  class space    used 9948K, committed 10176K, reserved 1048576K
}
Event: 20.090 GC heap after
{Heap after GC invocations=33 (full 0):
 garbage-first heap   total 203776K, used 73971K [0x0000000080000000, 0x0000000100000000)
  region size 1024K, 7 young (7168K), 7 survivors (7168K)
 Metaspace       used 73449K, committed 73984K, reserved 1114112K
  class space    used 9948K, committed 10176K, reserved 1048576K
}
Event: 21.691 GC heap before
{Heap before GC invocations=33 (full 0):
 garbage-first heap   total 203776K, used 168179K [0x0000000080000000, 0x0000000100000000)
  region size 1024K, 95 young (97280K), 7 survivors (7168K)
 Metaspace       used 81192K, committed 81792K, reserved 1179648K
  class space    used 10977K, committed 11264K, reserved 1048576K
}
Event: 21.697 GC heap after
{Heap after GC invocations=34 (full 0):
 garbage-first heap   total 203776K, used 83466K [0x0000000080000000, 0x0000000100000000)
  region size 1024K, 11 young (11264K), 11 survivors (11264K)
 Metaspace       used 81192K, committed 81792K, reserved 1179648K
  class space    used 10977K, committed 11264K, reserved 1048576K
}
Event: 22.865 GC heap before
{Heap before GC invocations=34 (full 0):
 garbage-first heap   total 203776K, used 165386K [0x0000000080000000, 0x0000000100000000)
  region size 1024K, 91 young (93184K), 11 survivors (11264K)
 Metaspace       used 86108K, committed 86656K, reserved 1179648K
  class space    used 11645K, committed 11904K, reserved 1048576K
}
Event: 22.874 GC heap after
{Heap after GC invocations=35 (full 0):
 garbage-first heap   total 203776K, used 89595K [0x0000000080000000, 0x0000000100000000)
  region size 1024K, 12 young (12288K), 12 survivors (12288K)
 Metaspace       used 86108K, committed 86656K, reserved 1179648K
  class space    used 11645K, committed 11904K, reserved 1048576K
}
Event: 24.102 GC heap before
{Heap before GC invocations=35 (full 0):
 garbage-first heap   total 203776K, used 166395K [0x0000000080000000, 0x0000000100000000)
  region size 1024K, 86 young (88064K), 12 survivors (12288K)
 Metaspace       used 91269K, committed 91904K, reserved 1179648K
  class space    used 12520K, committed 12800K, reserved 1048576K
}
Event: 24.111 GC heap after
{Heap after GC invocations=36 (full 0):
 garbage-first heap   total 203776K, used 92452K [0x0000000080000000, 0x0000000100000000)
  region size 1024K, 4 young (4096K), 4 survivors (4096K)
 Metaspace       used 91269K, committed 91904K, reserved 1179648K
  class space    used 12520K, committed 12800K, reserved 1048576K
}
Event: 25.264 GC heap before
{Heap before GC invocations=36 (full 0):
 garbage-first heap   total 203776K, used 167204K [0x0000000080000000, 0x0000000100000000)
  region size 1024K, 77 young (78848K), 4 survivors (4096K)
 Metaspace       used 96615K, committed 97344K, reserved 1179648K
  class space    used 13337K, committed 13632K, reserved 1048576K
}
Event: 25.270 GC heap after
{Heap after GC invocations=37 (full 0):
 garbage-first heap   total 203776K, used 95272K [0x0000000080000000, 0x0000000100000000)
  region size 1024K, 7 young (7168K), 7 survivors (7168K)
 Metaspace       used 96615K, committed 97344K, reserved 1179648K
  class space    used 13337K, committed 13632K, reserved 1048576K
}
Event: 26.442 GC heap before
{Heap before GC invocations=37 (full 0):
 garbage-first heap   total 203776K, used 167976K [0x0000000080000000, 0x0000000100000000)
  region size 1024K, 78 young (79872K), 7 survivors (7168K)
 Metaspace       used 102856K, committed 103552K, reserved 1179648K
  class space    used 14231K, committed 14528K, reserved 1048576K
}
Event: 26.451 GC heap after
{Heap after GC invocations=38 (full 0):
 garbage-first heap   total 203776K, used 98625K [0x0000000080000000, 0x0000000100000000)
  region size 1024K, 7 young (7168K), 7 survivors (7168K)
 Metaspace       used 102856K, committed 103552K, reserved 1179648K
  class space    used 14231K, committed 14528K, reserved 1048576K
}
Event: 28.038 GC heap before
{Heap before GC invocations=38 (full 0):
 garbage-first heap   total 203776K, used 169281K [0x0000000080000000, 0x0000000100000000)
  region size 1024K, 77 young (78848K), 7 survivors (7168K)
 Metaspace       used 106442K, committed 107136K, reserved 1179648K
  class space    used 14798K, committed 15104K, reserved 1048576K
}
Event: 28.048 GC heap after
{Heap after GC invocations=39 (full 0):
 garbage-first heap   total 203776K, used 105659K [0x0000000080000000, 0x0000000100000000)
  region size 1024K, 10 young (10240K), 10 survivors (10240K)
 Metaspace       used 106442K, committed 107136K, reserved 1179648K
  class space    used 14798K, committed 15104K, reserved 1048576K
}
Event: 29.691 GC heap before
{Heap before GC invocations=40 (full 0):
 garbage-first heap   total 203776K, used 173243K [0x0000000080000000, 0x0000000100000000)
  region size 1024K, 72 young (73728K), 10 survivors (10240K)
 Metaspace       used 108222K, committed 108992K, reserved 1179648K
  class space    used 14998K, committed 15360K, reserved 1048576K
}
Event: 29.700 GC heap after
{Heap after GC invocations=41 (full 0):
 garbage-first heap   total 203776K, used 108860K [0x0000000080000000, 0x0000000100000000)
  region size 1024K, 6 young (6144K), 6 survivors (6144K)
 Metaspace       used 108222K, committed 108992K, reserved 1179648K
  class space    used 14998K, committed 15360K, reserved 1048576K
}
Event: 29.761 GC heap before
{Heap before GC invocations=41 (full 0):
 garbage-first heap   total 203776K, used 110908K [0x0000000080000000, 0x0000000100000000)
  region size 1024K, 9 young (9216K), 6 survivors (6144K)
 Metaspace       used 108241K, committed 109056K, reserved 1179648K
  class space    used 15003K, committed 15424K, reserved 1048576K
}
Event: 29.766 GC heap after
{Heap after GC invocations=42 (full 0):
 garbage-first heap   total 203776K, used 107156K [0x0000000080000000, 0x0000000100000000)
  region size 1024K, 2 young (2048K), 2 survivors (2048K)
 Metaspace       used 108241K, committed 109056K, reserved 1179648K
  class space    used 15003K, committed 15424K, reserved 1048576K
}

