# JRE version: OpenJDK Runtime Environment (17.0.11) (build 17.0.11+0--11852314)
# Java VM: OpenJDK 64-Bit Server VM (17.0.11+0--11852314, mixed mode, tiered, compressed oops, compressed class ptrs, g1 gc, windows-amd64)
GC Precious Log:
 CPUs: 8 total, 8 available
 Memory: 7985M
 Large Page Support: Disabled
 NUMA Support: Disabled
 Compressed Oops: Enabled (32-bit)
 Heap Region Size: 1M
 Heap Min Capacity: 8M
 Heap Initial Capacity: 126M
 Heap Max Capacity: 2G
 Pre-touch: Disabled
 Parallel Workers: 8
 Concurrent Workers: 2
 Concurrent Refinement Workers: 8
 Periodic GC: Disabled
Heap:
 garbage-first heap   total 202752K, used 158724K [0x0000000080000000, 0x0000000100000000)
  region size 1024K, 8 young (8192K), 3 survivors (3072K)
 Metaspace       used 112775K, committed 113600K, reserved 1179648K
  class space    used 15394K, committed 15808K, reserved 1048576K
GC Heap History (20 events):
Event: 12.239 GC heap before
{Heap before GC invocations=44 (full 0):
 garbage-first heap   total 202752K, used 165142K [0x0000000080000000, 0x0000000100000000)
  region size 1024K, 51 young (52224K), 7 survivors (7168K)
 Metaspace       used 85822K, committed 86592K, reserved 1179648K
  class space    used 11654K, committed 12032K, reserved 1048576K
}
Event: 12.243 GC heap after
{Heap after GC invocations=45 (full 0):
 garbage-first heap   total 202752K, used 122391K [0x0000000080000000, 0x0000000100000000)
  region size 1024K, 4 young (4096K), 4 survivors (4096K)
 Metaspace       used 85822K, committed 86592K, reserved 1179648K
  class space    used 11654K, committed 12032K, reserved 1048576K
}
Event: 12.723 GC heap before
{Heap before GC invocations=45 (full 0):
 garbage-first heap   total 202752K, used 167447K [0x0000000080000000, 0x0000000100000000)
  region size 1024K, 47 young (48128K), 4 survivors (4096K)
 Metaspace       used 88739K, committed 89536K, reserved 1179648K
  class space    used 12164K, committed 12544K, reserved 1048576K
}
Event: 12.726 GC heap after
{Heap after GC invocations=46 (full 0):
 garbage-first heap   total 202752K, used 124057K [0x0000000080000000, 0x0000000100000000)
  region size 1024K, 2 young (2048K), 2 survivors (2048K)
 Metaspace       used 88739K, committed 89536K, reserved 1179648K
  class space    used 12164K, committed 12544K, reserved 1048576K
}
Event: 13.163 GC heap before
{Heap before GC invocations=46 (full 0):
 garbage-first heap   total 202752K, used 168089K [0x0000000080000000, 0x0000000100000000)
  region size 1024K, 45 young (46080K), 2 survivors (2048K)
 Metaspace       used 91759K, committed 92544K, reserved 1179648K
  class space    used 12682K, committed 13056K, reserved 1048576K
}
Event: 13.166 GC heap after
{Heap after GC invocations=47 (full 0):
 garbage-first heap   total 202752K, used 125620K [0x0000000080000000, 0x0000000100000000)
  region size 1024K, 4 young (4096K), 4 survivors (4096K)
 Metaspace       used 91759K, committed 92544K, reserved 1179648K
  class space    used 12682K, committed 13056K, reserved 1048576K
}
Event: 13.717 GC heap before
{Heap before GC invocations=47 (full 0):
 garbage-first heap   total 202752K, used 180916K [0x0000000080000000, 0x0000000100000000)
  region size 1024K, 47 young (48128K), 4 survivors (4096K)
 Metaspace       used 95413K, committed 96192K, reserved 1179648K
  class space    used 13196K, committed 13568K, reserved 1048576K
}
Event: 13.722 GC heap after
{Heap after GC invocations=48 (full 0):
 garbage-first heap   total 202752K, used 142422K [0x0000000080000000, 0x0000000100000000)
  region size 1024K, 6 young (6144K), 6 survivors (6144K)
 Metaspace       used 95413K, committed 96192K, reserved 1179648K
  class space    used 13196K, committed 13568K, reserved 1048576K
}
Event: 13.966 GC heap before
{Heap before GC invocations=48 (full 0):
 garbage-first heap   total 202752K, used 171094K [0x0000000080000000, 0x0000000100000000)
  region size 1024K, 34 young (34816K), 6 survivors (6144K)
 Metaspace       used 98067K, committed 98880K, reserved 1179648K
  class space    used 13605K, committed 14016K, reserved 1048576K
}
Event: 13.970 GC heap after
{Heap after GC invocations=49 (full 0):
 garbage-first heap   total 202752K, used 145271K [0x0000000080000000, 0x0000000100000000)
  region size 1024K, 3 young (3072K), 3 survivors (3072K)
 Metaspace       used 98067K, committed 98880K, reserved 1179648K
  class space    used 13605K, committed 14016K, reserved 1048576K
}
Event: 14.236 GC heap before
{Heap before GC invocations=49 (full 0):
 garbage-first heap   total 202752K, used 177015K [0x0000000080000000, 0x0000000100000000)
  region size 1024K, 30 young (30720K), 3 survivors (3072K)
 Metaspace       used 102148K, committed 102976K, reserved 1179648K
  class space    used 14048K, committed 14464K, reserved 1048576K
}
Event: 14.238 GC heap after
{Heap after GC invocations=50 (full 0):
 garbage-first heap   total 202752K, used 149581K [0x0000000080000000, 0x0000000100000000)
  region size 1024K, 4 young (4096K), 4 survivors (4096K)
 Metaspace       used 102148K, committed 102976K, reserved 1179648K
  class space    used 14048K, committed 14464K, reserved 1048576K
}
Event: 14.508 GC heap before
{Heap before GC invocations=50 (full 0):
 garbage-first heap   total 202752K, used 174157K [0x0000000080000000, 0x0000000100000000)
  region size 1024K, 28 young (28672K), 4 survivors (4096K)
 Metaspace       used 104754K, committed 105664K, reserved 1179648K
  class space    used 14424K, committed 14848K, reserved 1048576K
}
Event: 14.511 GC heap after
{Heap after GC invocations=51 (full 0):
 garbage-first heap   total 202752K, used 150355K [0x0000000080000000, 0x0000000100000000)
  region size 1024K, 3 young (3072K), 3 survivors (3072K)
 Metaspace       used 104754K, committed 105664K, reserved 1179648K
  class space    used 14424K, committed 14848K, reserved 1048576K
}
Event: 14.769 GC heap before
{Heap before GC invocations=51 (full 0):
 garbage-first heap   total 202752K, used 174931K [0x0000000080000000, 0x0000000100000000)
  region size 1024K, 27 young (27648K), 3 survivors (3072K)
 Metaspace       used 107437K, committed 108288K, reserved 1179648K
  class space    used 14811K, committed 15232K, reserved 1048576K
}
Event: 14.771 GC heap after
{Heap after GC invocations=52 (full 0):
 garbage-first heap   total 202752K, used 151386K [0x0000000080000000, 0x0000000100000000)
  region size 1024K, 4 young (4096K), 4 survivors (4096K)
 Metaspace       used 107437K, committed 108288K, reserved 1179648K
  class space    used 14811K, committed 15232K, reserved 1048576K
}
Event: 15.037 GC heap before
{Heap before GC invocations=52 (full 0):
 garbage-first heap   total 202752K, used 174938K [0x0000000080000000, 0x0000000100000000)
  region size 1024K, 28 young (28672K), 4 survivors (4096K)
 Metaspace       used 109314K, committed 110144K, reserved 1179648K
  class space    used 15062K, committed 15424K, reserved 1048576K
}
Event: 15.041 GC heap after
{Heap after GC invocations=53 (full 0):
 garbage-first heap   total 202752K, used 152527K [0x0000000080000000, 0x0000000100000000)
  region size 1024K, 3 young (3072K), 3 survivors (3072K)
 Metaspace       used 109314K, committed 110144K, reserved 1179648K
  class space    used 15062K, committed 15424K, reserved 1048576K
}
Event: 15.286 GC heap before
{Heap before GC invocations=53 (full 0):
 garbage-first heap   total 202752K, used 178127K [0x0000000080000000, 0x0000000100000000)
  region size 1024K, 25 young (25600K), 3 survivors (3072K)
 Metaspace       used 111939K, committed 112768K, reserved 1179648K
  class space    used 15329K, committed 15744K, reserved 1048576K
}
Event: 15.289 GC heap after
{Heap after GC invocations=54 (full 0):
 garbage-first heap   total 202752K, used 154628K [0x0000000080000000, 0x0000000100000000)
  region size 1024K, 3 young (3072K), 3 survivors (3072K)
 Metaspace       used 111939K, committed 112768K, reserved 1179648K
  class space    used 15329K, committed 15744K, reserved 1048576K
}

