# JRE version: OpenJDK Runtime Environment (17.0.11) (build 17.0.11+0--11852314)
# Java VM: OpenJDK 64-Bit Server VM (17.0.11+0--11852314, mixed mode, tiered, compressed oops, compressed class ptrs, g1 gc, windows-amd64)
GC Precious Log:
 CPUs: 8 total, 8 available
 Memory: 7985M
 Large Page Support: Disabled
 NUMA Support: Disabled
 Compressed Oops: Enabled (32-bit)
 Heap Region Size: 1M
 Heap Min Capacity: 8M
 Heap Initial Capacity: 126M
 Heap Max Capacity: 2G
 Pre-touch: Disabled
 Parallel Workers: 8
 Concurrent Workers: 2
 Concurrent Refinement Workers: 8
 Periodic GC: Disabled
Heap:
 garbage-first heap   total 167936K, used 125437K [0x0000000080000000, 0x0000000100000000)
  region size 1024K, 4 young (4096K), 3 survivors (3072K)
 Metaspace       used 87427K, committed 88192K, reserved 1179648K
  class space    used 11847K, committed 12224K, reserved 1048576K
GC Heap History (20 events):
Event: 9.695 GC heap before
{Heap before GC invocations=36 (full 0):
 garbage-first heap   total 167936K, used 128445K [0x0000000080000000, 0x0000000100000000)
  region size 1024K, 29 young (29696K), 3 survivors (3072K)
 Metaspace       used 70262K, committed 70976K, reserved 1114112K
  class space    used 9523K, committed 9856K, reserved 1048576K
}
Event: 9.697 GC heap after
{Heap after GC invocations=37 (full 0):
 garbage-first heap   total 167936K, used 102435K [0x0000000080000000, 0x0000000100000000)
  region size 1024K, 3 young (3072K), 3 survivors (3072K)
 Metaspace       used 70262K, committed 70976K, reserved 1114112K
  class space    used 9523K, committed 9856K, reserved 1048576K
}
Event: 9.991 GC heap before
{Heap before GC invocations=37 (full 0):
 garbage-first heap   total 167936K, used 136227K [0x0000000080000000, 0x0000000100000000)
  region size 1024K, 31 young (31744K), 3 survivors (3072K)
 Metaspace       used 72403K, committed 73088K, reserved 1114112K
  class space    used 9807K, committed 10112K, reserved 1048576K
}
Event: 9.995 GC heap after
{Heap after GC invocations=38 (full 0):
 garbage-first heap   total 167936K, used 107143K [0x0000000080000000, 0x0000000100000000)
  region size 1024K, 4 young (4096K), 4 survivors (4096K)
 Metaspace       used 72403K, committed 73088K, reserved 1114112K
  class space    used 9807K, committed 10112K, reserved 1048576K
}
Event: 10.279 GC heap before
{Heap before GC invocations=38 (full 0):
 garbage-first heap   total 167936K, used 133767K [0x0000000080000000, 0x0000000100000000)
  region size 1024K, 30 young (30720K), 4 survivors (4096K)
 Metaspace       used 74363K, committed 75072K, reserved 1114112K
  class space    used 10059K, committed 10368K, reserved 1048576K
}
Event: 10.282 GC heap after
{Heap after GC invocations=39 (full 0):
 garbage-first heap   total 167936K, used 108877K [0x0000000080000000, 0x0000000100000000)
  region size 1024K, 2 young (2048K), 2 survivors (2048K)
 Metaspace       used 74363K, committed 75072K, reserved 1114112K
  class space    used 10059K, committed 10368K, reserved 1048576K
}
Event: 10.636 GC heap before
{Heap before GC invocations=39 (full 0):
 garbage-first heap   total 167936K, used 136525K [0x0000000080000000, 0x0000000100000000)
  region size 1024K, 29 young (29696K), 2 survivors (2048K)
 Metaspace       used 77115K, committed 77824K, reserved 1179648K
  class space    used 10412K, committed 10752K, reserved 1048576K
}
Event: 10.639 GC heap after
{Heap after GC invocations=40 (full 0):
 garbage-first heap   total 167936K, used 110157K [0x0000000080000000, 0x0000000100000000)
  region size 1024K, 3 young (3072K), 3 survivors (3072K)
 Metaspace       used 77115K, committed 77824K, reserved 1179648K
  class space    used 10412K, committed 10752K, reserved 1048576K
}
Event: 11.030 GC heap before
{Heap before GC invocations=40 (full 0):
 garbage-first heap   total 167936K, used 141901K [0x0000000080000000, 0x0000000100000000)
  region size 1024K, 30 young (30720K), 3 survivors (3072K)
 Metaspace       used 79244K, committed 79936K, reserved 1179648K
  class space    used 10737K, committed 11072K, reserved 1048576K
}
Event: 11.033 GC heap after
{Heap after GC invocations=41 (full 0):
 garbage-first heap   total 167936K, used 115805K [0x0000000080000000, 0x0000000100000000)
  region size 1024K, 3 young (3072K), 3 survivors (3072K)
 Metaspace       used 79244K, committed 79936K, reserved 1179648K
  class space    used 10737K, committed 11072K, reserved 1048576K
}
Event: 11.318 GC heap before
{Heap before GC invocations=41 (full 0):
 garbage-first heap   total 167936K, used 139357K [0x0000000080000000, 0x0000000100000000)
  region size 1024K, 27 young (27648K), 3 survivors (3072K)
 Metaspace       used 82159K, committed 82880K, reserved 1179648K
  class space    used 11123K, committed 11456K, reserved 1048576K
}
Event: 11.321 GC heap after
{Heap after GC invocations=42 (full 0):
 garbage-first heap   total 167936K, used 116833K [0x0000000080000000, 0x0000000100000000)
  region size 1024K, 3 young (3072K), 3 survivors (3072K)
 Metaspace       used 82159K, committed 82880K, reserved 1179648K
  class space    used 11123K, committed 11456K, reserved 1048576K
}
Event: 11.686 GC heap before
{Heap before GC invocations=42 (full 0):
 garbage-first heap   total 167936K, used 141409K [0x0000000080000000, 0x0000000100000000)
  region size 1024K, 27 young (27648K), 3 survivors (3072K)
 Metaspace       used 83874K, committed 84608K, reserved 1179648K
  class space    used 11370K, committed 11712K, reserved 1048576K
}
Event: 11.690 GC heap after
{Heap after GC invocations=43 (full 0):
 garbage-first heap   total 167936K, used 118231K [0x0000000080000000, 0x0000000100000000)
  region size 1024K, 3 young (3072K), 3 survivors (3072K)
 Metaspace       used 83874K, committed 84608K, reserved 1179648K
  class space    used 11370K, committed 11712K, reserved 1048576K
}
Event: 12.017 GC heap before
{Heap before GC invocations=43 (full 0):
 garbage-first heap   total 167936K, used 140759K [0x0000000080000000, 0x0000000100000000)
  region size 1024K, 26 young (26624K), 3 survivors (3072K)
 Metaspace       used 84891K, committed 85568K, reserved 1179648K
  class space    used 11502K, committed 11840K, reserved 1048576K
}
Event: 12.021 GC heap after
{Heap after GC invocations=44 (full 0):
 garbage-first heap   total 167936K, used 121801K [0x0000000080000000, 0x0000000100000000)
  region size 1024K, 4 young (4096K), 4 survivors (4096K)
 Metaspace       used 84891K, committed 85568K, reserved 1179648K
  class space    used 11502K, committed 11840K, reserved 1048576K
}
Event: 12.140 GC heap before
{Heap before GC invocations=44 (full 0):
 garbage-first heap   total 167936K, used 141257K [0x0000000080000000, 0x0000000100000000)
  region size 1024K, 24 young (24576K), 4 survivors (4096K)
 Metaspace       used 84996K, committed 85696K, reserved 1179648K
  class space    used 11516K, committed 11840K, reserved 1048576K
}
Event: 12.143 GC heap after
{Heap after GC invocations=45 (full 0):
 garbage-first heap   total 167936K, used 123258K [0x0000000080000000, 0x0000000100000000)
  region size 1024K, 3 young (3072K), 3 survivors (3072K)
 Metaspace       used 84996K, committed 85696K, reserved 1179648K
  class space    used 11516K, committed 11840K, reserved 1048576K
}
Event: 12.325 GC heap before
{Heap before GC invocations=45 (full 0):
 garbage-first heap   total 167936K, used 140666K [0x0000000080000000, 0x0000000100000000)
  region size 1024K, 21 young (21504K), 3 survivors (3072K)
 Metaspace       used 86334K, committed 87104K, reserved 1179648K
  class space    used 11697K, committed 12032K, reserved 1048576K
}
Event: 12.328 GC heap after
{Heap after GC invocations=46 (full 0):
 garbage-first heap   total 167936K, used 124304K [0x0000000080000000, 0x0000000100000000)
  region size 1024K, 2 young (2048K), 2 survivors (2048K)
 Metaspace       used 86334K, committed 87104K, reserved 1179648K
  class space    used 11697K, committed 12032K, reserved 1048576K
}

